nearSuper	recentmin5	add	203
nearSuper	recent5	add	83
nearSuper	countryPer	add	80
nearSuper	cityPer	add	79
nearSuper	recentmax5	add	74
nearSuper	recent6	add	73
nearSuper	recentmin1	add	67
nearSuper	type6Per	add	67
nearSuper	recentmax6	add	66
nearSuper	6To5Timemin	add	63
nearSuper	5To6Timemin	add	58
nearSuper	1To10Timemin	add	46
nearSuper	recentmax1	add	46
nearSuper	recent1	add	44
nearSuper	recent10	add	42
nearSuper	1To6Timemin	add	42
nearSuper	5To10Timemin	add	41
nearSuper	recentDis4	add	40
nearSuper	recentDis1	add	40
nearSuper	type1Per	add	39
nearSuper	typeDismax6	add	37
nearSuper	9To6Timemin	add	37
nearSuper	6To10Timemin	add	36
nearSuper	type5Per	add	36
nearSuper	8To5Timemin	add	34
nearSuper	type8Per	add	33
nearSuper	recent4	add	33
nearSuper	recentmin6	add	32
nearSuper	6To1Timemin	add	32
nearSuper	continueMax1	add	31
nearSuper	1To1Timemin	add	30
nearSuper	5To5Timemin	add	30
nearSuper	continueAv5	add	29
nearSuper	typeDismax1	add	29
nearSuper	5To1Timemin	add	29
nearSuper	5To7Timemin	add	28
nearSuper	continueVar1	add	28
nearSuper	type10Per	add	27
nearSuper	6To6Timemin	add	26
nearSuper	typeDismax7	add	26
nearSuper	typeDismin1	add	25
nearSuper	1To5Timemin	add	25
nearSuper	typeDismin6	add	24
nearSuper	8To10Timemin	add	24
nearSuper	recentDis10	add	23
nearSuper	recentDis6	add	23
nearSuper	continueVar5	add	23
nearSuper	superNum	add	23
nearSuper	6To10Timemax	add	22
nearSuper	continueMin5	add	22
nearSuper	recentVar8	add	21
nearSuper	typeDismin5	add	21
nearSuper	recentAv1	add	21
nearSuper	lastThreeType5	add	21
nearSuper	go9Time	add	20
nearSuper	continueMin6	add	20
nearSuper	continueVar6	add	20
nearSuper	6To9Timemax	add	19
nearSuper	continueMax5	add	19
nearSuper	typeDismax5	add	19
nearSuper	工业生产者出厂价格指数(上年同月=100)_2017年11月	add	18
nearSuper	7To1Timemin	add	18
nearSuper	recentAv6	add	17
nearSuper	recentmin8	add	17
nearSuper	type2Per	add	17
nearSuper	continueAv1	add	17
nearSuper	5To1Timemax	add	16
nearSuper	10To10Timemin	add	16
nearSuper	8To6Timemin	add	16
nearSuper	5To5Timemax	add	16
nearSuper	1To11Timemin	add	16
nearSuper	continueMax6	add	15
nearSuper	recentDis5	add	15
nearSuper	type5Num	add	15
nearSuper	lastThreeType1	add	15
nearSuper	6To9Timemin	add	14
nearSuper	1To7Timemin	add	14
nearSuper	go9Dis	add	14
nearSuper	continueAv6	add	14
nearSuper	6To8Timemin	add	14
nearSuper	type1Num	add	14
nearSuper	7To9Timemin	add	14
nearSuper	recentDis8	add	13
nearSuper	continentPer	add	13
nearSuper	specialLen	add	13
nearSuper	6To1Timemax	add	13
nearSuper	continueMin1	add	13
nearSuper	typeDismin7	add	12
nearSuper	9To10Timemin	add	12
nearSuper	typeDismax8	add	12
nearSuper	社会商品零售总额(亿元)_2015年	add	12
nearSuper	recentAv7	add	12
nearSuper	8To1Timemin	add	12
nearSuper	recentDis2	add	11
nearSuper	recent8	add	11
nearSuper	5To8Timemin	add	11
nearSuper	1To8Timemax	add	11
nearSuper	6To5Timemax	add	11
nearSuper	lastTwoType5	add	11
nearSuper	type7Per	add	11
nearSuper	1To2Timemin	add	11
nearSuper	5To10Timemax	add	11
nearSuper	typeDismax9	add	11
nearSuper	5To6Timemax	add	11
nearSuper	2To7Timemin	add	11
simpleNum	recentmin5	mul	195
simpleNum	recentmax6	mul	74
simpleNum	cityPer	mul	73
simpleNum	recent10	mul	71
simpleNum	recent5	mul	67
simpleNum	recentmin1	mul	66
simpleNum	recent6	mul	66
simpleNum	6To5Timemin	mul	52
simpleNum	countryPer	mul	52
simpleNum	recent1	mul	52
simpleNum	5To10Timemin	mul	49
simpleNum	recentmax5	mul	49
simpleNum	recent4	mul	47
simpleNum	lastThreeType5	mul	43
simpleNum	continueMin5	mul	42
simpleNum	5To6Timemin	mul	41
simpleNum	typeDismax5	mul	40
simpleNum	6To10Timemin	mul	39
simpleNum	go9Time	mul	36
simpleNum	type6Per	mul	35
simpleNum	9To6Timemin	mul	35
simpleNum	5To1Timemin	mul	34
simpleNum	1To6Timemin	mul	34
simpleNum	1To10Timemin	mul	34
simpleNum	typeDismin6	mul	32
simpleNum	1To1Timemin	mul	32
simpleNum	recentmin6	mul	32
simpleNum	recent8	mul	30
simpleNum	continueVar5	mul	30
simpleNum	8To5Timemin	mul	29
simpleNum	6To10Timemax	mul	29
simpleNum	type10Per	mul	29
simpleNum	5To5Timemin	mul	28
simpleNum	1To5Timemin	mul	28
simpleNum	recentDis1	mul	28
simpleNum	type1Per	mul	28
simpleNum	6To1Timemin	mul	26
simpleNum	continueMax1	mul	26
simpleNum	recentmax1	mul	26
simpleNum	typeDismin1	mul	26
simpleNum	continueVar1	mul	25
simpleNum	社会商品零售总额(亿元)_2015年	mul	25
simpleNum	typeDismax6	mul	24
simpleNum	recentVar8	mul	23
simpleNum	10To10Timemin	mul	23
simpleNum	社会商品零售总额(亿元)_2014年	mul	23
simpleNum	typeDismax7	mul	23
simpleNum	type5Per	mul	22
simpleNum	type5Num	mul	22
simpleNum	年末总人口(万人)_2015年	mul	21
simpleNum	1To11Timemin	mul	20
simpleNum	lastTwoType5	mul	20
simpleNum	5To7Timemin	mul	20
simpleNum	typeDismin5	mul	20
simpleNum	continueAv5	mul	20
simpleNum	typeDismin7	mul	20
simpleNum	typeDismax1	mul	20
simpleNum	8To6Timemin	mul	19
simpleNum	recentDis10	mul	19
simpleNum	continueMin1	mul	19
simpleNum	5To6Timemax	mul	18
simpleNum	7To10Timemin	mul	18
simpleNum	recentDis4	mul	18
simpleNum	8To10Timemin	mul	18
simpleNum	recentmax8	mul	18
simpleNum	5To1Timemax	mul	17
simpleNum	recentAv5	mul	17
simpleNum	type6Num	mul	17
simpleNum	6To6Timemin	mul	17
simpleNum	specialLen	mul	17
simpleNum	recentAv1	mul	16
simpleNum	type7Per	mul	16
simpleNum	continueMax5	mul	16
simpleNum	6To8Timemin	mul	15
simpleNum	continueVar6	mul	15
simpleNum	1To2Timemin	mul	15
simpleNum	7To1Timemin	mul	15
simpleNum	9To10Timemin	mul	14
simpleNum	continueAv1	mul	14
simpleNum	continueMax6	mul	14
simpleNum	商品零售价格指数(上年同月=100)_2017年11月	mul	14
simpleNum	5To8Timemax	mul	14
simpleNum	lastThreeType1	mul	13
simpleNum	type8Per	mul	13
simpleNum	7To5Timemin	mul	13
simpleNum	6To5Timemax	mul	13
simpleNum	5To5Timemax	mul	13
simpleNum	6To9Timemax	mul	13
simpleNum	5To10Timemax	mul	13
simpleNum	typeDismin2	mul	13
simpleNum	6To9Timemin	mul	13
simpleNum	go9Dis	mul	12
simpleNum	type1Num	mul	12
simpleNum	7To9Timemin	mul	12
simpleNum	recentAv6	mul	12
simpleNum	recentDis5	mul	12
simpleNum	recentmin4	mul	12
simpleNum	recentDis6	mul	12
simpleNum	8To1Timemin	mul	11
simpleNum	国内生产总值(亿元)_2015年	mul	11
simpleNum	9To1Timemax	mul	11
simpleNum	8To8Timemin	mul	11
simpleNum	9To5Timemin	mul	11
simpleNum	6To1Timemax	mul	11
simpleNum	goodScoreTime	mul	11
simplePer	recentmin5	add	208
simplePer	countryPer	add	90
simplePer	recent5	add	79
simplePer	recent6	add	65
simplePer	type6Per	add	60
simplePer	cityPer	add	60
simplePer	recentmax5	add	59
simplePer	recentmax6	add	57
simplePer	continueMax1	add	56
simplePer	recentmin1	add	54
simplePer	5To6Timemin	add	51
simplePer	recent1	add	50
simplePer	5To10Timemin	add	49
simplePer	recentDis1	add	48
simplePer	recentDis4	add	46
simplePer	recent10	add	46
simplePer	6To5Timemin	add	45
simplePer	type10Per	add	44
simplePer	1To10Timemin	add	44
simplePer	recent4	add	42
simplePer	lastThreeType5	add	41
simplePer	1To6Timemin	add	39
simplePer	type1Per	add	39
simplePer	type5Per	add	38
simplePer	6To10Timemin	add	36
simplePer	5To1Timemin	add	35
simplePer	9To6Timemin	add	34
simplePer	6To1Timemin	add	34
simplePer	1To1Timemin	add	33
simplePer	8To5Timemin	add	32
simplePer	typeDismax5	add	31
simplePer	8To10Timemin	add	31
simplePer	1To11Timemin	add	30
simplePer	5To5Timemin	add	30
simplePer	recentmin6	add	30
simplePer	recentmax1	add	29
simplePer	typeDismax1	add	28
simplePer	6To10Timemax	add	27
simplePer	continueMin5	add	26
simplePer	continueAv5	add	26
simplePer	typeDismax6	add	26
simplePer	lastTwoType5	add	24
simplePer	continueVar5	add	24
simplePer	typeDismin6	add	23
simplePer	5To7Timemin	add	23
simplePer	type5Num	add	23
simplePer	recentDis10	add	23
simplePer	6To9Timemax	add	23
simplePer	typeDismax7	add	22
simplePer	1To5Timemin	add	22
simplePer	6To6Timemin	add	22
simplePer	continueVar6	add	22
simplePer	continueMax5	add	22
simplePer	typeDismin1	add	22
simplePer	continueVar1	add	21
simplePer	工业生产者出厂价格指数(上年同月=100)_2017年11月	add	20
simplePer	5To1Timemax	add	20
simplePer	8To6Timemin	add	20
simplePer	9To10Timemin	add	20
simplePer	recentDis6	add	19
simplePer	recentmax8	add	19
simplePer	type7Per	add	19
simplePer	recentAv1	add	19
simplePer	type8Per	add	19
simplePer	go9Time	add	19
simplePer	go9Dis	add	19
simplePer	10To10Timemin	add	18
simplePer	5To10Timemax	add	18
simplePer	recent8	add	17
simplePer	年末总人口(万人)_2015年	add	17
simplePer	continueAv1	add	17
simplePer	9To6Timemax	add	16
simplePer	continueMin6	add	16
simplePer	7To9Timemin	add	15
simplePer	5To6Timemax	add	15
simplePer	continueMin1	add	15
simplePer	continueMax6	add	15
simplePer	specialLen	add	15
simplePer	8To10Timemax	add	14
simplePer	1To7Timemin	add	14
simplePer	type2Per	add	14
simplePer	recentVar8	add	14
simplePer	1To8Timemin	add	14
simplePer	8To1Timemin	add	13
simplePer	7To1Timemin	add	13
simplePer	1To8Timemax	add	13
simplePer	type9Per	add	13
simplePer	typeDismin5	add	13
simplePer	typeDismin7	add	13
simplePer	recentAv6	add	13
simplePer	recentDis8	add	13
simplePer	type1Num	add	12
simplePer	5To7Timemax	add	12
simplePer	6To8Timemin	add	12
simplePer	recentVar5	add	12
simplePer	typeDismax8	add	12
simplePer	7To10Timemin	add	12
simplePer	recentmin8	add	11
simplePer	recentDis2	add	11
simplePer	6To7Timemin	add	11
simplePer	recentAv7	add	11
simplePer	typeDismax9	add	11
simplePer	1To2Timemax	add	11
simplePer	6To6Timemax	add	11
simplePer	2To7Timemin	add	11
continentPer	recentmin5	mul	202
continentPer	cityPer	mul	75
continentPer	type6Per	mul	75
continentPer	recent6	mul	73
continentPer	countryPer	mul	70
continentPer	recentmin1	mul	70
continentPer	recentmax5	mul	68
continentPer	recent5	mul	68
continentPer	5To10Timemin	mul	63
continentPer	recentmax6	mul	63
continentPer	1To10Timemin	mul	58
continentPer	recentDis1	mul	57
continentPer	6To5Timemin	mul	53
continentPer	5To6Timemin	mul	52
continentPer	recent10	mul	52
continentPer	continueMin5	mul	43
continentPer	recentDis10	mul	43
continentPer	recentmin6	mul	43
continentPer	recent1	mul	42
continentPer	9To6Timemin	mul	41
continentPer	continueMax1	mul	41
continentPer	5To5Timemin	mul	41
continentPer	5To1Timemin	mul	39
continentPer	1To6Timemin	mul	37
continentPer	6To10Timemin	mul	37
continentPer	recentDis4	mul	36
continentPer	lastThreeType5	mul	34
continentPer	居民消费价格指数(上年同月=100)_2017年11月	mul	33
continentPer	continueAv5	mul	33
continentPer	1To1Timemin	mul	33
continentPer	8To10Timemin	mul	33
continentPer	type5Per	mul	32
continentPer	recent4	mul	32
continentPer	type10Per	mul	30
continentPer	recentAv1	mul	30
continentPer	typeDismax5	mul	29
continentPer	1To5Timemin	mul	29
continentPer	6To1Timemin	mul	29
continentPer	typeDismin5	mul	29
continentPer	type8Per	mul	28
continentPer	recentmax1	mul	27
continentPer	specialLen	mul	27
continentPer	typeDismax1	mul	27
continentPer	typeDismax6	mul	27
continentPer	1To11Timemin	mul	26
continentPer	8To5Timemin	mul	26
continentPer	7To1Timemin	mul	25
continentPer	type1Per	mul	25
continentPer	recent8	mul	24
continentPer	5To7Timemin	mul	24
continentPer	continueVar5	mul	24
continentPer	工业生产者出厂价格指数(上年同月=100)_2017年11月	mul	24
continentPer	superNum	mul	24
continentPer	6To6Timemin	mul	23
continentPer	typeDismax7	mul	23
continentPer	8To6Timemin	mul	22
continentPer	type5Num	mul	22
continentPer	go9Dis	mul	22
continentPer	go9Time	mul	21
continentPer	6To10Timemax	mul	21
continentPer	7To10Timemin	mul	21
continentPer	recentDis6	mul	21
continentPer	continueMin6	mul	20
continentPer	typeDismax9	mul	20
continentPer	typeDismin1	mul	19
continentPer	9To6Timemax	mul	19
continentPer	5To5Timemax	mul	19
continentPer	5To1Timemax	mul	19
continentPer	recentmin8	mul	18
continentPer	type1Num	mul	18
continentPer	9To10Timemin	mul	18
continentPer	lastThreeType1	mul	18
continentPer	continueVar6	mul	18
continentPer	lastTwoType5	mul	18
continentPer	continueVar1	mul	18
continentPer	typeDismin6	mul	18
continentPer	continueAv1	mul	17
continentPer	10To10Timemin	mul	17
continentPer	continueMin1	mul	17
continentPer	typeDismax8	mul	17
continentPer	5To10Timemax	mul	17
continentPer	国内生产总值(亿元)_2014年	mul	17
continentPer	商品零售价格指数(上年同月=100)_2017年11月	mul	17
continentPer	recentDis2	mul	16
continentPer	6To9Timemax	mul	16
continentPer	1To10Timemax	mul	16
continentPer	1To2Timemax	mul	16
continentPer	continueMax5	mul	16
continentPer	recentVar8	mul	16
continentPer	recentmax8	mul	16
continentPer	typeDismin7	mul	15
continentPer	recentDis8	mul	15
continentPer	1To7Timemin	mul	15
continentPer	6To1Timemax	mul	15
continentPer	1To8Timemin	mul	14
continentPer	recentmin9	mul	14
continentPer	continueMax6	mul	13
continentPer	8To1Timemin	mul	13
continentPer	type7Per	mul	13
continentPer	continueAv6	mul	12
continentPer	5To8Timemax	mul	12
continentPer	6To7Timemin	mul	12
continentPer	9To5Timemax	mul	12
continentPer	recentmin2	mul	12
continentPer	国内生产总值(亿元)_2015年	mul	12
continentPer	type6Num	mul	12
continentPer	社会商品零售总额(亿元)_2014年	mul	11
continentPer	社会商品零售总额(亿元)_2015年	mul	11
continentPer	年末总人口(万人)_2015年	mul	11
continentPer	type4Per	mul	11
continentPer	goodScoreTime	mul	11
continentPer	recentAv6	mul	11
continentPer	superPer	mul	11
continentPer	8To10Timemax	mul	11
continentPer	orderNum	mul	11
simpleNum	recentmin5	add	219
simpleNum	recent6	add	81
simpleNum	recent5	add	71
simpleNum	recentmax6	add	67
simpleNum	recentmin1	add	62
simpleNum	recentmax5	add	61
simpleNum	5To6Timemin	add	54
simpleNum	5To10Timemin	add	53
simpleNum	6To5Timemin	add	52
simpleNum	cityPer	add	51
simpleNum	recent1	add	50
simpleNum	1To10Timemin	add	47
simpleNum	1To6Timemin	add	46
simpleNum	recentDis1	add	45
simpleNum	continueMax1	add	43
simpleNum	recent10	add	43
simpleNum	8To5Timemin	add	43
simpleNum	recentDis4	add	42
simpleNum	recent4	add	41
simpleNum	continueMin5	add	39
simpleNum	typeDismax5	add	36
simpleNum	recentDis10	add	36
simpleNum	5To1Timemin	add	36
simpleNum	6To10Timemin	add	35
simpleNum	9To6Timemin	add	33
simpleNum	1To1Timemin	add	31
simpleNum	6To10Timemax	add	31
simpleNum	go9Time	add	29
simpleNum	typeDismax7	add	29
simpleNum	recentmax1	add	29
simpleNum	6To1Timemin	add	29
simpleNum	countryPer	add	28
simpleNum	recentmin6	add	28
simpleNum	5To5Timemin	add	27
simpleNum	continueAv5	add	27
simpleNum	type5Per	add	26
simpleNum	typeDismax1	add	26
simpleNum	1To5Timemin	add	26
simpleNum	continueVar5	add	26
simpleNum	1To11Timemin	add	25
simpleNum	5To7Timemin	add	24
simpleNum	工业生产者出厂价格指数(上年同月=100)_2017年11月	add	24
simpleNum	typeDismax6	add	24
simpleNum	type6Per	add	23
simpleNum	社会商品零售总额(亿元)_2015年	add	22
simpleNum	typeDismin1	add	22
simpleNum	7To10Timemin	add	22
simpleNum	商品零售价格指数(上年同月=100)_2017年11月	add	21
simpleNum	recentDis6	add	21
simpleNum	国内生产总值(亿元)_2015年	add	21
simpleNum	continueMin1	add	21
simpleNum	type1Per	add	21
simpleNum	recentVar8	add	20
simpleNum	6To9Timemax	add	20
simpleNum	typeDismin7	add	20
simpleNum	6To6Timemin	add	20
simpleNum	recent8	add	20
simpleNum	continueAv1	add	19
simpleNum	type1Num	add	19
simpleNum	continueVar6	add	19
simpleNum	continueAv6	add	19
simpleNum	go9Dis	add	18
simpleNum	recentDis8	add	18
simpleNum	recentAv1	add	18
simpleNum	8To10Timemin	add	18
simpleNum	specialLen	add	18
simpleNum	typeDismin5	add	18
simpleNum	7To1Timemin	add	17
simpleNum	8To6Timemin	add	17
simpleNum	recentmax8	add	17
simpleNum	typeDismin6	add	17
simpleNum	1To1Timemax	add	16
simpleNum	type5Num	add	16
simpleNum	recentmin4	add	16
simpleNum	continueMin6	add	16
simpleNum	continueVar1	add	16
simpleNum	9To10Timemin	add	15
simpleNum	6To8Timemin	add	14
simpleNum	recentmin9	add	14
simpleNum	年末总人口(万人)_2015年	add	14
simpleNum	typeDismax9	add	14
simpleNum	10To10Timemin	add	14
simpleNum	type8Per	add	14
simpleNum	社会商品零售总额(亿元)_2014年	add	14
simpleNum	国内生产总值(亿元)_2014年	add	13
simpleNum	lastThreeType5	add	13
simpleNum	continueMax6	add	13
simpleNum	1To8Timemin	add	13
simpleNum	6To8Timemax	add	13
simpleNum	recentVar5	add	12
simpleNum	8To10Timemax	add	12
simpleNum	continueMax5	add	12
simpleNum	recentAv6	add	12
simpleNum	居民消费价格指数(上年同月=100)_2017年11月	add	12
simpleNum	type10Per	add	12
simpleNum	5To6Timemax	add	11
simpleNum	7To9Timemin	add	11
simpleNum	recentAv5	add	11
simpleNum	badScoreTime	add	11
simpleNum	type6Num	add	11
simpleNum	typeDismax8	add	11
simpleNum	1To6Timemax	add	11
simpleNum	5To1Timemax	add	11
simpleNum	1To2Timemax	add	11
simpleNum	1To8Timemax	add	11
simpleNum	6To5Timemax	add	11
simpleNum	recentVar6	add	11
jingxiword	type1Per	mul	24
jingxiword	recent7	mul	22
jingxiword	continueMax1	mul	19
jingxiword	5To6Timemax	mul	19
jingxiword	recentmax5	mul	14
jingxiword	continueAv1	mul	12
jingxiword	continueMin1	mul	11
jingxiword	recentAv1	mul	11
lastType6	recentmin5	add	424
lastType6	1To6Timemin	add	287
lastType6	typeDismax6	add	274
lastType6	recentmin1	add	262
lastType6	typeDismax5	add	243
lastType6	typeDismin6	add	238
lastType6	6To5Timemin	add	235
lastType6	recent1	add	227
lastType6	typeDismin5	add	219
lastType6	5To6Timemin	add	218
lastType6	recentmax5	add	215
lastType6	continueMin5	add	215
lastType6	1To1Timemin	add	214
lastType6	type6Per	add	209
lastType6	continueAv5	add	194
lastType6	type5Per	add	185
lastType6	recent5	add	180
lastType6	type1Per	add	177
lastType6	recentmax1	add	175
lastType6	continueMax6	add	172
lastType6	5To1Timemin	add	172
lastType6	6To1Timemin	add	166
lastType6	continueMin6	add	165
lastType6	typeDismin1	add	164
lastType6	6To6Timemin	add	157
lastType6	5To5Timemin	add	154
lastType6	typeDismax1	add	154
lastType6	continueMax5	add	150
lastType6	1To5Timemin	add	148
lastType6	go9Time	add	141
lastType6	continueMax1	add	140
lastType6	recentDis1	add	136
lastType6	continueAv6	add	133
lastType6	6To6Timemax	add	132
lastType6	工业生产者出厂价格指数(上年同月=100)_2017年11月	add	132
lastType6	recentAv1	add	130
lastType6	continueAv1	add	127
lastType6	continueVar5	add	124
lastType6	continueMin1	add	122
lastType6	6To1Timemax	add	121
lastType6	typeDismax7	add	118
lastType6	recentmin6	add	115
lastType6	5To1Timemax	add	111
lastType6	recentmax6	add	111
lastType6	居民消费价格指数(上年同月=100)_2017年11月	add	106
lastType6	6To5Timemax	add	100
lastType6	商品零售价格指数(上年同月=100)_2017年11月	add	99
lastType6	recentAv5	add	99
lastType6	typeDismin7	add	99
lastType6	recentAv6	add	96
lastType6	specialLen	add	95
lastType6	continueVar6	add	93
lastType6	1To2Timemin	add	92
lastType6	国内生产总值(亿元)_2015年	add	91
lastType6	continueVar1	add	86
lastType6	1To6Timemax	add	85
lastType6	recentVar1	add	83
lastType6	recent6	add	83
lastType6	5To6Timemax	add	81
lastType6	1To1Timemax	add	81
lastType6	recentVar6	add	81
lastType6	go9Dis	add	79
lastType6	年末总人口(万人)_2015年	add	76
lastType6	国内生产总值(亿元)_2014年	add	76
lastType6	recentVar5	add	75
lastType6	5To5Timemax	add	74
lastType6	1To5Timemax	add	73
lastType6	cityPer	add	73
lastType6	社会商品零售总额(亿元)_2015年	add	72
lastType6	recentmax4	add	71
lastType6	5To10Timemin	add	69
lastType6	1To10Timemin	add	65
lastType6	年末总人口(万人)_2014年	add	65
lastType6	recentDis5	add	65
lastType6	6To2Timemin	add	63
lastType6	type5Num	add	62
lastType6	recent10	add	61
lastType6	recentDis2	add	56
lastType6	type1Num	add	54
lastType6	1To7Timemin	add	53
lastType6	countryPer	add	53
lastType6	5To2Timemin	add	53
lastType6	2To1Timemin	add	52
lastType6	社会商品零售总额(亿元)_2014年	add	51
lastType6	type6Num	add	50
lastType6	6To7Timemin	add	50
lastType6	6To10Timemin	add	49
lastType6	lastThreeType5	add	48
lastType6	type7Per	add	47
lastType6	recentAv7	add	46
lastType6	5To7Timemin	add	45
lastType6	goodScoreTime	add	43
lastType6	6To10Timemax	add	42
lastType6	6To2Timemax	add	42
lastType6	type10Per	add	42
lastType6	typeDismax8	add	41
lastType6	typeDismin8	add	40
lastType6	recentVar7	add	40
lastType6	女	add	40
lastType6	recent7	add	40
lastType6	recent8	add	40
lastType6	type8Per	add	37
lastType6	1To2Timemax	add	37
lastType6	5To2Timemax	add	37
lastType6	1To3Timemin	add	36
lastType6	recentDis8	add	36
lastType6	recentmin7	add	36
lastType6	recentDis6	add	35
lastType6	2To5Timemax	add	35
lastType6	jingxiword	add	34
lastType6	lastTwoType6	add	34
lastType6	recent2	add	34
lastType6	recentDis10	add	34
lastType6	2To6Timemax	add	34
lastType6	recent4	add	33
lastType6	3To6Timemin	add	32
lastType6	6To7Timemax	add	32
lastType6	lastThreeType6	add	32
lastType6	lastType7	add	31
lastType6	2To2Timemax	add	31
lastType6	1To7Timemax	add	31
lastType6	recentDis4	add	30
lastType6	typeDismax3	add	30
lastType6	1To8Timemin	add	30
lastType6	4To4Timemin	add	30
lastType6	2To2Timemin	add	30
lastType6	9To1Timemin	add	29
lastType6	8To5Timemin	add	29
lastType6	2To6Timemin	add	29
lastType6	7To10Timemin	add	29
lastType6	recentmax2	add	29
lastType6	5To7Timemax	add	28
lastType6	recentmin8	add	28
lastType6	5To8Timemin	add	28
lastType6	1To11Timemin	add	27
lastType6	recentAv8	add	27
lastType6	8To10Timemin	add	26
lastType6	2To7Timemin	add	26
lastType6	typeDismax2	add	26
lastType6	type4Num	add	26
lastType6	6To8Timemin	add	26
lastType6	recentmin2	add	26
lastType6	typeDismin2	add	25
lastType6	8To6Timemin	add	25
lastType6	2To5Timemin	add	24
lastType6	recentDis7	add	24
lastType6	5To10Timemax	add	23
lastType6	2To7Timemax	add	23
lastType6	typeDismax4	add	22
lastType6	8To1Timemin	add	22
lastType6	5To3Timemin	add	22
lastType6	recentDis9	add	22
lastType6	8To8Timemax	add	22
lastType6	recentVar8	add	22
lastType6	4To7Timemin	add	22
lastType6	recentmin3	add	22
lastType6	lastThreeType1	add	21
lastType6	superNum	add	21
lastType6	9To10Timemin	add	21
lastType6	type4Per	add	20
lastType6	2To3Timemin	add	20
lastType6	5To8Timemax	add	20
lastType6	2To1Timemax	add	19
lastType6	lastTwoType5	add	19
lastType6	recent3	add	19
lastType6	recentVar2	add	19
lastType6	recentDis3	add	19
lastType6	typeDismax9	add	19
lastType6	badScoreTime	add	19
lastType6	6To3Timemin	add	19
lastType6	80后	add	19
lastType6	9To5Timemin	add	19
lastType6	firstType6	add	18
lastType6	8To1Timemax	add	18
lastType6	1To10Timemax	add	18
lastType6	continentPer	add	18
lastType6	上海	add	18
lastType6	4To5Timemax	add	17
lastType6	10To10Timemin	add	17
lastType6	男	add	17
lastType6	7To7Timemin	add	17
lastType6	type2Per	add	17
lastType6	1To4Timemin	add	16
lastType6	6To4Timemin	add	16
lastType6	4To1Timemin	add	16
lastType6	1To8Timemax	add	16
lastType6	9To6Timemin	add	16
lastType6	recentmin4	add	16
lastType6	type3Per	add	15
lastType6	3To7Timemin	add	15
lastType6	recentAv2	add	15
lastType6	3To7Timemax	add	15
lastType6	7To5Timemin	add	15
lastType6	simplePer	add	15
lastType6	recentmax3	add	15
lastType6	recentmin9	add	14
lastType6	3To1Timemax	add	14
lastType6	5To4Timemin	add	14
lastType6	3To3Timemax	add	14
lastType6	6To8Timemax	add	14
lastType6	1To9Timemin	add	14
lastType6	6To9Timemax	add	13
lastType6	6To9Timemin	add	13
lastType6	type3Num	add	13
lastType6	recentmax8	add	13
lastType6	typeDismin4	add	13
lastType6	recentAv9	add	13
lastType6	1To3Timemax	add	12
lastType6	4To2Timemax	add	12
lastType6	recentVar9	add	12
lastType6	3To1Timemin	add	12
lastType6	type7Num	add	12
lastType6	recentAv4	add	12
lastType6	7To5Timemax	add	12
lastType6	3To2Timemax	add	12
lastType6	type9Num	add	12
lastType6	4To6Timemin	add	12
lastType6	2To3Timemax	add	11
lastType6	北京	add	11
lastType6	6To4Timemax	add	11
lastType6	4To4Timemax	add	11
lastType6	recentmax7	add	11
lastType6	7To1Timemin	add	11
lastType6	5To3Timemax	add	11
lastType6	8To5Timemax	add	11
lastType6	3To6Timemax	add	11
lastType6	type9Per	add	11
lastType6	recentAv3	add	11
lastType6	2To4Timemin	add	11
recentDis1	recentmin5	mul	438
recentDis1	recentmin1	mul	240
recentDis1	typeDismax6	mul	225
recentDis1	6To5Timemin	mul	224
recentDis1	type6Per	mul	224
recentDis1	5To1Timemin	mul	222
recentDis1	typeDismin5	mul	221
recentDis1	1To1Timemin	mul	218
recentDis1	typeDismin6	mul	214
recentDis1	typeDismax5	mul	210
recentDis1	1To6Timemin	mul	208
recentDis1	recentmax5	mul	197
recentDis1	continueMin5	mul	190
recentDis1	5To6Timemin	mul	183
recentDis1	continueMax6	mul	178
recentDis1	recent1	mul	173
recentDis1	6To6Timemin	mul	169
recentDis1	typeDismin1	mul	165
recentDis1	5To5Timemin	mul	155
recentDis1	continueMin6	mul	152
recentDis1	type1Per	mul	149
recentDis1	type5Per	mul	147
recentDis1	recent5	mul	145
recentDis1	6To1Timemin	mul	143
recentDis1	1To5Timemin	mul	140
recentDis1	continueMax5	mul	140
recentDis1	年末总人口(万人)_2015年	mul	132
recentDis1	6To5Timemax	mul	128
recentDis1	continueMin1	mul	128
recentDis1	continueAv5	mul	127
recentDis1	continueAv6	mul	126
recentDis1	recentmax6	mul	126
recentDis1	recentmax1	mul	126
recentDis1	continueVar6	mul	125
recentDis1	continueVar5	mul	122
recentDis1	typeDismax1	mul	115
recentDis1	go9Time	mul	106
recentDis1	continueAv1	mul	105
recentDis1	specialLen	mul	104
recentDis1	6To6Timemax	mul	104
recentDis1	居民消费价格指数(上年同月=100)_2017年11月	mul	104
recentDis1	recent6	mul	103
recentDis1	continueMax1	mul	103
recentDis1	工业生产者出厂价格指数(上年同月=100)_2017年11月	mul	101
recentDis1	国内生产总值(亿元)_2015年	mul	101
recentDis1	社会商品零售总额(亿元)_2015年	mul	99
recentDis1	6To1Timemax	mul	98
recentDis1	go9Dis	mul	97
recentDis1	continueVar1	mul	95
recentDis1	年末总人口(万人)_2014年	mul	88
recentDis1	type1Num	mul	85
recentDis1	社会商品零售总额(亿元)_2014年	mul	84
recentDis1	recentAv5	mul	84
recentDis1	recentDis5	mul	83
recentDis1	recentmin6	mul	83
recentDis1	商品零售价格指数(上年同月=100)_2017年11月	mul	83
recentDis1	5To6Timemax	mul	81
recentDis1	国内生产总值(亿元)_2014年	mul	80
recentDis1	5To1Timemax	mul	80
recentDis1	recentVar6	mul	80
recentDis1	recentDis2	mul	78
recentDis1	type5Num	mul	76
recentDis1	recentAv1	mul	76
recentDis1	lastThreeType5	mul	75
recentDis1	recent2	mul	74
recentDis1	5To5Timemax	mul	72
recentDis1	recentVar5	mul	70
recentDis1	recentAv6	mul	68
recentDis1	1To6Timemax	mul	66
recentDis1	6To2Timemin	mul	66
recentDis1	typeDismax7	mul	65
recentDis1	recentVar1	mul	64
recentDis1	typeDismin7	mul	63
recentDis1	1To2Timemin	mul	63
recentDis1	6To10Timemin	mul	63
recentDis1	type6Num	mul	62
recentDis1	recentmax4	mul	60
recentDis1	goodScoreTime	mul	60
recentDis1	5To10Timemin	mul	59
recentDis1	5To2Timemin	mul	58
recentDis1	1To5Timemax	mul	57
recentDis1	recentDis3	mul	57
recentDis1	6To7Timemax	mul	56
recentDis1	recent10	mul	55
recentDis1	1To1Timemax	mul	53
recentDis1	lastThreeType6	mul	53
recentDis1	6To7Timemin	mul	52
recentDis1	1To10Timemin	mul	50
recentDis1	女	mul	48
recentDis1	countryPer	mul	46
recentDis1	5To7Timemin	mul	45
recentDis1	recentDis10	mul	45
recentDis1	lastTwoType6	mul	44
recentDis1	lastTwoType5	mul	44
recentDis1	recentDis6	mul	43
recentDis1	recentmin7	mul	43
recentDis1	6To10Timemax	mul	43
recentDis1	recentAv7	mul	42
recentDis1	cityPer	mul	42
recentDis1	lastType6	mul	40
recentDis1	1To7Timemin	mul	40
recentDis1	recentmax2	mul	38
recentDis1	5To7Timemax	mul	38
recentDis1	simplePer	mul	36
recentDis1	4To7Timemin	mul	35
recentDis1	recentVar8	mul	35
recentDis1	continentPer	mul	35
recentDis1	8To5Timemin	mul	34
recentDis1	lastType7	mul	34
recentDis1	recent4	mul	34
recentDis1	typeDismax8	mul	33
recentDis1	firstType1	mul	32
recentDis1	typeDismin2	mul	32
recentDis1	recentmin2	mul	32
recentDis1	3To6Timemin	mul	31
recentDis1	2To5Timemax	mul	31
recentDis1	6To2Timemax	mul	31
recentDis1	上海	mul	31
recentDis1	recentVar7	mul	31
recentDis1	2To5Timemin	mul	30
recentDis1	北京	mul	30
recentDis1	recent3	mul	29
recentDis1	2To7Timemax	mul	29
recentDis1	男	mul	29
recentDis1	1To2Timemax	mul	28
recentDis1	9To6Timemin	mul	28
recentDis1	8To6Timemin	mul	27
recentDis1	2To6Timemin	mul	27
recentDis1	6To8Timemin	mul	27
recentDis1	type8Per	mul	27
recentDis1	8To8Timemax	mul	27
recentDis1	8To10Timemin	mul	27
recentDis1	recentDis7	mul	27
recentDis1	recentDis4	mul	26
recentDis1	5To8Timemax	mul	26
recentDis1	5To2Timemax	mul	26
recentDis1	recentmin4	mul	26
recentDis1	90后	mul	26
recentDis1	recentmin8	mul	25
recentDis1	recent8	mul	25
recentDis1	type7Per	mul	25
recentDis1	5To10Timemax	mul	24
recentDis1	9To10Timemin	mul	24
recentDis1	1To3Timemin	mul	24
recentDis1	1To7Timemax	mul	24
recentDis1	2To1Timemin	mul	24
recentDis1	5To8Timemin	mul	23
recentDis1	2To1Timemax	mul	23
recentDis1	type4Per	mul	22
recentDis1	1To11Timemin	mul	21
recentDis1	2To2Timemin	mul	21
recentDis1	6To8Timemax	mul	21
recentDis1	2To6Timemax	mul	21
recentDis1	7To5Timemax	mul	20
recentDis1	10To10Timemin	mul	20
recentDis1	typeDismax2	mul	20
recentDis1	8To1Timemin	mul	20
recentDis1	5To3Timemin	mul	20
recentDis1	recent7	mul	20
recentDis1	recentmin9	mul	20
recentDis1	5To4Timemin	mul	19
recentDis1	recentmax3	mul	19
recentDis1	广东	mul	19
recentDis1	type10Per	mul	19
recentDis1	6To9Timemin	mul	19
recentDis1	typeDismin8	mul	19
recentDis1	7To10Timemin	mul	18
recentDis1	7To5Timemin	mul	18
recentDis1	recentDis8	mul	18
recentDis1	simpleNum	mul	18
recentDis1	4To6Timemin	mul	17
recentDis1	5To4Timemax	mul	17
recentDis1	4To1Timemin	mul	16
recentDis1	8To1Timemax	mul	16
recentDis1	lastType5	mul	16
recentDis1	type2Num	mul	16
recentDis1	orderNum	mul	16
recentDis1	1To8Timemax	mul	16
recentDis1	jingxiword	mul	16
recentDis1	9To5Timemin	mul	16
recentDis1	9To1Timemax	mul	15
recentDis1	recentAv2	mul	15
recentDis1	recentmin3	mul	15
recentDis1	3To5Timemin	mul	15
recentDis1	4To4Timemin	mul	15
recentDis1	lastThreeType1	mul	15
recentDis1	2To3Timemin	mul	15
recentDis1	6To3Timemin	mul	14
recentDis1	recentAv9	mul	14
recentDis1	recentmax8	mul	14
recentDis1	2To2Timemax	mul	14
recentDis1	6To4Timemin	mul	14
recentDis1	1To10Timemax	mul	14
recentDis1	3To7Timemax	mul	14
recentDis1	3To7Timemin	mul	14
recentDis1	2To7Timemin	mul	13
recentDis1	recentAv8	mul	13
recentDis1	recentmax7	mul	13
recentDis1	type3Num	mul	13
recentDis1	type4Num	mul	13
recentDis1	9To6Timemax	mul	13
recentDis1	3To2Timemin	mul	12
recentDis1	superNum	mul	12
recentDis1	badScoreTime	mul	12
recentDis1	type7Num	mul	12
recentDis1	5To3Timemax	mul	12
recentDis1	1To4Timemin	mul	12
recentDis1	2To4Timemax	mul	12
recentDis1	4To4Timemax	mul	12
recentDis1	1To8Timemin	mul	11
recentDis1	8To5Timemax	mul	11
recentDis1	3To5Timemax	mul	11
recentDis1	typeDismax9	mul	11
recentDis1	typeDismax4	mul	11
recentDis1	1To3Timemax	mul	11
recentDis1	2To4Timemin	mul	11
recentDis1	4To5Timemax	mul	11
type10Num	recentmin5	mul	162
type10Num	specialLen	mul	138
type10Num	recentmax6	mul	104
type10Num	goodScoreTime	mul	98
type10Num	recent6	mul	84
type10Num	cityPer	mul	77
type10Num	recentmax5	mul	76
type10Num	recentmin7	mul	74
type10Num	recent10	mul	73
type10Num	recentmin1	mul	66
type10Num	continueMin5	mul	63
type10Num	countryPer	mul	59
type10Num	recentmax7	mul	55
type10Num	5To10Timemin	mul	50
type10Num	recentmin6	mul	49
type10Num	6To5Timemin	mul	47
type10Num	6To10Timemax	mul	45
type10Num	recent5	mul	45
type10Num	continueMax5	mul	44
type10Num	1To10Timemin	mul	42
type10Num	continueAv5	mul	41
type10Num	6To10Timemin	mul	40
type10Num	recent1	mul	38
type10Num	1To6Timemin	mul	37
type10Num	6To1Timemin	mul	37
type10Num	recentDis10	mul	37
type10Num	5To5Timemin	mul	37
type10Num	5To1Timemin	mul	36
type10Num	5To6Timemin	mul	35
type10Num	continueVar5	mul	35
type10Num	recentVar8	mul	35
type10Num	continueMax6	mul	35
type10Num	continueMin1	mul	33
type10Num	continueVar6	mul	32
type10Num	typeDismax7	mul	31
type10Num	typeDismin6	mul	31
type10Num	9To6Timemin	mul	30
type10Num	5To1Timemax	mul	29
type10Num	社会商品零售总额(亿元)_2015年	mul	29
type10Num	go9Time	mul	29
type10Num	8To6Timemin	mul	28
type10Num	typeDismax5	mul	28
type10Num	recentAv1	mul	27
type10Num	typeDismin5	mul	27
type10Num	年末总人口(万人)_2015年	mul	27
type10Num	recentDis1	mul	27
type10Num	工业生产者出厂价格指数(上年同月=100)_2017年11月	mul	26
type10Num	recentDis8	mul	26
type10Num	recentmin8	mul	26
type10Num	typeDismin1	mul	25
type10Num	1To1Timemin	mul	25
type10Num	type10Per	mul	25
type10Num	recentmax1	mul	25
type10Num	商品零售价格指数(上年同月=100)_2017年11月	mul	23
type10Num	8To1Timemin	mul	23
type10Num	9To10Timemin	mul	23
type10Num	5To10Timemax	mul	23
type10Num	recentDis6	mul	23
type10Num	typeDismax8	mul	23
type10Num	continueMax1	mul	23
type10Num	jingxiword	mul	22
type10Num	continueAv1	mul	22
type10Num	type1Per	mul	22
type10Num	typeDismin7	mul	22
type10Num	国内生产总值(亿元)_2015年	mul	21
type10Num	1To11Timemin	mul	21
type10Num	5To8Timemin	mul	21
type10Num	8To5Timemin	mul	21
type10Num	recent8	mul	21
type10Num	continueAv6	mul	21
type10Num	continueVar1	mul	21
type10Num	continueMin6	mul	21
type10Num	6To6Timemin	mul	21
type10Num	1To5Timemin	mul	20
type10Num	5To5Timemax	mul	20
type10Num	recentmax4	mul	20
type10Num	5To7Timemin	mul	20
type10Num	recentVar7	mul	20
type10Num	continentPer	mul	20
type10Num	7To1Timemin	mul	20
type10Num	6To8Timemax	mul	20
type10Num	typeDismax6	mul	20
type10Num	1To10Timemax	mul	20
type10Num	type6Per	mul	20
type10Num	recentmin9	mul	19
type10Num	10To10Timemin	mul	19
type10Num	recentmax8	mul	18
type10Num	5To6Timemax	mul	18
type10Num	8To7Timemin	mul	18
type10Num	1To8Timemin	mul	18
type10Num	8To10Timemin	mul	18
type10Num	6To1Timemax	mul	17
type10Num	1To8Timemax	mul	17
type10Num	7To9Timemin	mul	17
type10Num	国内生产总值(亿元)_2014年	mul	17
type10Num	7To5Timemin	mul	16
type10Num	居民消费价格指数(上年同月=100)_2017年11月	mul	16
type10Num	3To7Timemax	mul	16
type10Num	recent7	mul	16
type10Num	6To8Timemin	mul	16
type10Num	8To10Timemax	mul	16
type10Num	6To2Timemin	mul	16
type10Num	6To6Timemax	mul	15
type10Num	7To10Timemin	mul	15
type10Num	recentAv5	mul	15
type10Num	badScoreTime	mul	15
type10Num	8To7Timemax	mul	15
type10Num	lastThreeType1	mul	14
type10Num	lastThreeType5	mul	14
type10Num	1To2Timemin	mul	14
type10Num	1To2Timemax	mul	13
type10Num	type5Per	mul	13
type10Num	9To1Timemin	mul	13
type10Num	recent4	mul	13
type10Num	recentmin4	mul	13
type10Num	typeDismax9	mul	13
type10Num	1To4Timemin	mul	13
type10Num	lastTwoType5	mul	13
type10Num	2To1Timemin	mul	12
type10Num	8To6Timemax	mul	12
type10Num	recentAv8	mul	12
type10Num	recentmin2	mul	12
type10Num	2To7Timemin	mul	12
type10Num	社会商品零售总额(亿元)_2014年	mul	12
type10Num	2To1Timemax	mul	12
type10Num	1To7Timemin	mul	12
type10Num	1To5Timemax	mul	12
type10Num	年末总人口(万人)_2014年	mul	12
type10Num	8To5Timemax	mul	11
type10Num	recentVar1	mul	11
type10Num	go9Dis	mul	11
type10Num	typeDismin2	mul	11
type10Num	6To5Timemax	mul	11
type10Num	lastThreeType6	mul	11
type10Num	typeDismax1	mul	11
type10Num	5To8Timemax	mul	11
type10Num	6To2Timemax	mul	11
type10Num	6To7Timemax	mul	11
recentDis10	recentmin5	add	181
recentDis10	recent6	add	112
recentDis10	recentmax6	add	75
recentDis10	recentmax5	add	64
recentDis10	recent1	add	64
recentDis10	5To10Timemin	add	64
recentDis10	recent5	add	60
recentDis10	recent4	add	51
recentDis10	recentmin1	add	49
recentDis10	6To5Timemin	add	48
recentDis10	recentmin6	add	46
recentDis10	recent10	add	46
recentDis10	1To6Timemin	add	46
recentDis10	continueMax1	add	43
recentDis10	typeDismax5	add	39
recentDis10	5To1Timemin	add	38
recentDis10	recentmax1	add	37
recentDis10	5To5Timemin	add	37
recentDis10	1To10Timemin	add	36
recentDis10	9To6Timemin	add	36
recentDis10	continueMin5	add	35
recentDis10	8To5Timemin	add	34
recentDis10	typeDismin5	add	34
recentDis10	6To1Timemin	add	33
recentDis10	国内生产总值(亿元)_2015年	add	33
recentDis10	6To6Timemin	add	32
recentDis10	社会商品零售总额(亿元)_2014年	add	31
recentDis10	1To11Timemin	add	31
recentDis10	typeDismax7	add	31
recentDis10	typeDismax6	add	30
recentDis10	continueAv5	add	29
recentDis10	年末总人口(万人)_2015年	add	29
recentDis10	continueVar5	add	29
recentDis10	go9Time	add	28
recentDis10	5To6Timemin	add	28
recentDis10	8To6Timemin	add	28
recentDis10	6To10Timemin	add	28
recentDis10	continueVar6	add	27
recentDis10	1To5Timemin	add	27
recentDis10	年末总人口(万人)_2014年	add	26
recentDis10	8To10Timemin	add	25
recentDis10	typeDismax1	add	24
recentDis10	1To1Timemin	add	24
recentDis10	6To10Timemax	add	24
recentDis10	typeDismin6	add	23
recentDis10	continueMin6	add	23
recentDis10	9To10Timemin	add	23
recentDis10	recentAv1	add	21
recentDis10	continueMax5	add	20
recentDis10	工业生产者出厂价格指数(上年同月=100)_2017年11月	add	20
recentDis10	8To1Timemin	add	20
recentDis10	recentDis6	add	20
recentDis10	typeDismin1	add	20
recentDis10	continueAv1	add	19
recentDis10	jingxiword	add	18
recentDis10	6To8Timemin	add	18
recentDis10	5To6Timemax	add	18
recentDis10	社会商品零售总额(亿元)_2015年	add	18
recentDis10	recent8	add	17
recentDis10	continueMin1	add	17
recentDis10	6To9Timemax	add	17
recentDis10	badScoreTime	add	16
recentDis10	type5Num	add	16
recentDis10	1To8Timemin	add	16
recentDis10	recentmax4	add	16
recentDis10	7To1Timemin	add	16
recentDis10	10To10Timemin	add	15
recentDis10	specialLen	add	15
recentDis10	recentAv7	add	15
recentDis10	go9Dis	add	15
recentDis10	countryPer	add	15
recentDis10	typeDismin7	add	14
recentDis10	continueVar1	add	14
recentDis10	商品零售价格指数(上年同月=100)_2017年11月	add	14
recentDis10	recentDis1	add	14
recentDis10	recentVar8	add	14
recentDis10	5To5Timemax	add	13
recentDis10	国内生产总值(亿元)_2014年	add	13
recentDis10	1To7Timemin	add	13
recentDis10	continueMax6	add	13
recentDis10	5To10Timemax	add	13
recentDis10	7To10Timemin	add	13
recentDis10	1To8Timemax	add	13
recentDis10	recentDis8	add	12
recentDis10	recentmin9	add	12
recentDis10	goodScoreTime	add	12
recentDis10	recentVar5	add	12
recentDis10	recentAv8	add	11
recentDis10	recentmin8	add	11
recentDis10	type1Per	add	11
recentDis10	1To10Timemax	add	11
recentDis10	5To1Timemax	add	11
recentDis10	1To2Timemax	add	11
recentDis10	1To2Timemin	add	11
海南	goodScoreTime	mul	33
海南	recentmin7	mul	23
海南	recentmax7	mul	15
海南	specialLen	mul	13
simplePer	recentmin5	mul	235
simplePer	recent5	mul	81
simplePer	recentmin1	mul	68
simplePer	recentDis1	mul	65
simplePer	recentmax6	mul	65
simplePer	5To10Timemin	mul	63
simplePer	cityPer	mul	61
simplePer	recentmax5	mul	59
simplePer	recent6	mul	58
simplePer	6To5Timemin	mul	56
simplePer	recent10	mul	56
simplePer	5To6Timemin	mul	54
simplePer	lastThreeType5	mul	53
simplePer	type5Per	mul	51
simplePer	type6Per	mul	49
simplePer	recentDis4	mul	48
simplePer	6To10Timemax	mul	47
simplePer	6To10Timemin	mul	44
simplePer	recent1	mul	44
simplePer	1To6Timemin	mul	44
simplePer	type1Per	mul	43
simplePer	8To5Timemin	mul	41
simplePer	9To6Timemin	mul	40
simplePer	recent4	mul	37
simplePer	continueMax1	mul	36
simplePer	typeDismax6	mul	36
simplePer	typeDismax5	mul	35
simplePer	1To10Timemin	mul	35
simplePer	continueAv5	mul	34
simplePer	continueMax5	mul	32
simplePer	6To1Timemin	mul	32
simplePer	continueMin5	mul	32
simplePer	recentmax1	mul	31
simplePer	1To1Timemin	mul	30
simplePer	countryPer	mul	30
simplePer	recentmin6	mul	29
simplePer	5To1Timemin	mul	29
simplePer	recent8	mul	28
simplePer	typeDismin6	mul	27
simplePer	7To10Timemin	mul	26
simplePer	8To10Timemin	mul	26
simplePer	specialLen	mul	25
simplePer	5To7Timemin	mul	25
simplePer	recentDis10	mul	24
simplePer	continueVar1	mul	24
simplePer	type10Per	mul	24
simplePer	typeDismin1	mul	24
simplePer	typeDismax7	mul	23
simplePer	6To6Timemin	mul	22
simplePer	go9Time	mul	22
simplePer	continueVar5	mul	22
simplePer	1To11Timemin	mul	22
simplePer	年末总人口(万人)_2015年	mul	21
simplePer	5To5Timemin	mul	21
simplePer	type8Per	mul	21
simplePer	10To10Timemin	mul	19
simplePer	recentDis6	mul	19
simplePer	continueVar6	mul	19
simplePer	6To8Timemin	mul	18
simplePer	1To5Timemin	mul	18
simplePer	6To9Timemax	mul	18
simplePer	7To9Timemin	mul	18
simplePer	continueMax6	mul	18
simplePer	recentDis8	mul	17
simplePer	continueMin1	mul	17
simplePer	go9Dis	mul	17
simplePer	recentAv1	mul	17
simplePer	continueAv6	mul	17
simplePer	type1Num	mul	17
simplePer	工业生产者出厂价格指数(上年同月=100)_2017年11月	mul	17
simplePer	lastTwoType5	mul	16
simplePer	6To9Timemin	mul	16
simplePer	居民消费价格指数(上年同月=100)_2017年11月	mul	16
simplePer	recentDis5	mul	16
simplePer	8To6Timemin	mul	15
simplePer	1To8Timemin	mul	15
simplePer	recentVar8	mul	14
simplePer	recentmax8	mul	14
simplePer	continueMin6	mul	14
simplePer	5To6Timemax	mul	14
simplePer	社会商品零售总额(亿元)_2014年	mul	14
simplePer	typeDismax9	mul	14
simplePer	国内生产总值(亿元)_2015年	mul	14
simplePer	type7Per	mul	13
simplePer	recentmax4	mul	13
simplePer	7To1Timemin	mul	13
simplePer	recentAv5	mul	13
simplePer	6To1Timemax	mul	13
simplePer	年末总人口(万人)_2014年	mul	13
simplePer	6To8Timemax	mul	13
simplePer	type5Num	mul	13
simplePer	continueAv1	mul	13
simplePer	1To7Timemin	mul	13
simplePer	6To5Timemax	mul	12
simplePer	typeDismax8	mul	12
simplePer	typeDismax1	mul	12
simplePer	8To6Timemax	mul	12
simplePer	9To10Timemin	mul	11
simplePer	5To5Timemax	mul	11
simplePer	5To10Timemax	mul	11
simplePer	1To10Timemax	mul	11
simplePer	9To6Timemax	mul	11
simplePer	9To5Timemax	mul	11
simplePer	recentDis2	mul	11
cityPer	recentmin5	mul	180
cityPer	recent6	mul	72
cityPer	recent10	mul	59
cityPer	recent5	mul	53
cityPer	5To5Timemin	mul	49
cityPer	recentmin1	mul	47
cityPer	continueMax1	mul	47
cityPer	lastThreeType5	mul	47
cityPer	1To10Timemin	mul	47
cityPer	recentmax5	mul	46
cityPer	recent1	mul	45
cityPer	typeDismin5	mul	45
cityPer	type6Per	mul	44
cityPer	continueMin5	mul	44
cityPer	recentmin6	mul	43
cityPer	recentmax6	mul	42
cityPer	recentDis5	mul	42
cityPer	6To10Timemin	mul	41
cityPer	recentDis10	mul	41
cityPer	6To5Timemin	mul	40
cityPer	specialLen	mul	39
cityPer	recentDis4	mul	38
cityPer	1To5Timemin	mul	37
cityPer	typeDismax5	mul	36
cityPer	5To10Timemin	mul	34
cityPer	recentDis6	mul	33
cityPer	continueAv5	mul	33
cityPer	countryPer	mul	31
cityPer	8To5Timemin	mul	31
cityPer	orderNum	mul	30
cityPer	1To1Timemin	mul	30
cityPer	6To1Timemin	mul	29
cityPer	typeDismax1	mul	29
cityPer	lastTwoType5	mul	29
cityPer	商品零售价格指数(上年同月=100)_2017年11月	mul	29
cityPer	type1Num	mul	28
cityPer	8To10Timemin	mul	28
cityPer	6To6Timemin	mul	27
cityPer	type5Per	mul	27
cityPer	8To6Timemin	mul	26
cityPer	1To6Timemin	mul	26
cityPer	continueAv1	mul	26
cityPer	goodScoreTime	mul	25
cityPer	国内生产总值(亿元)_2015年	mul	24
cityPer	recentDis1	mul	24
cityPer	recentmax1	mul	23
cityPer	recent4	mul	23
cityPer	工业生产者出厂价格指数(上年同月=100)_2017年11月	mul	23
cityPer	5To1Timemin	mul	23
cityPer	go9Time	mul	22
cityPer	type10Per	mul	22
cityPer	recentmin8	mul	22
cityPer	recentAv1	mul	22
cityPer	9To6Timemin	mul	21
cityPer	5To6Timemin	mul	21
cityPer	typeDismin6	mul	21
cityPer	typeDismin8	mul	20
cityPer	continueVar5	mul	20
cityPer	lastThreeType1	mul	20
cityPer	go9Dis	mul	20
cityPer	type5Num	mul	20
cityPer	typeDismin7	mul	20
cityPer	国内生产总值(亿元)_2014年	mul	19
cityPer	superNum	mul	19
cityPer	typeDismin1	mul	19
cityPer	continueMin6	mul	19
cityPer	5To10Timemax	mul	19
cityPer	6To10Timemax	mul	19
cityPer	typeDismax6	mul	18
cityPer	continueMax5	mul	18
cityPer	7To1Timemin	mul	18
cityPer	6To9Timemax	mul	18
cityPer	年末总人口(万人)_2015年	mul	17
cityPer	continueVar6	mul	17
cityPer	type7Per	mul	17
cityPer	年末总人口(万人)_2014年	mul	17
cityPer	continueMin1	mul	17
cityPer	type10Num	mul	17
cityPer	type1Per	mul	16
cityPer	lastThreeType6	mul	16
cityPer	continueVar1	mul	16
cityPer	5To2Timemin	mul	16
cityPer	simpleNum	mul	16
cityPer	社会商品零售总额(亿元)_2014年	mul	16
cityPer	居民消费价格指数(上年同月=100)_2017年11月	mul	16
cityPer	9To10Timemin	mul	16
cityPer	5To1Timemax	mul	16
cityPer	北京	mul	15
cityPer	7To10Timemin	mul	15
cityPer	typeDismax7	mul	14
cityPer	continueMax6	mul	14
cityPer	社会商品零售总额(亿元)_2015年	mul	14
cityPer	男	mul	14
cityPer	lastTwoType6	mul	13
cityPer	firstType1	mul	13
cityPer	type6Num	mul	13
cityPer	7To8Timemin	mul	13
cityPer	continentPer	mul	13
cityPer	recentAv6	mul	13
cityPer	recentVar1	mul	13
cityPer	5To7Timemin	mul	13
cityPer	recentVar8	mul	13
cityPer	1To10Timemax	mul	13
cityPer	continueAv6	mul	12
cityPer	6To1Timemax	mul	12
cityPer	5To8Timemin	mul	12
cityPer	10To10Timemin	mul	11
cityPer	recentmin4	mul	11
cityPer	1To1Timemax	mul	11
cityPer	1To6Timemax	mul	11
cityPer	recent8	mul	11
cityPer	typeDismax9	mul	11
cityPer	5To8Timemax	mul	11
cityPer	5To6Timemax	mul	11
cityPer	6To6Timemax	mul	11
cityPer	9To6Timemax	mul	11
cityPer	type7Num	mul	11
cityPer	1To7Timemin	mul	11
orderNum	recentmin5	add	214
orderNum	recent5	add	94
orderNum	recent6	add	75
orderNum	recentmin1	add	74
orderNum	recentmax6	add	71
orderNum	recentmax5	add	59
orderNum	recent1	add	58
orderNum	cityPer	add	54
orderNum	6To5Timemin	add	53
orderNum	continueMin5	add	50
orderNum	5To10Timemin	add	49
orderNum	continueMax1	add	46
orderNum	1To6Timemin	add	46
orderNum	5To6Timemin	add	44
orderNum	recent10	add	41
orderNum	1To10Timemin	add	40
orderNum	recentDis4	add	38
orderNum	countryPer	add	38
orderNum	recentDis1	add	36
orderNum	8To5Timemin	add	36
orderNum	6To1Timemin	add	35
orderNum	recent4	add	34
orderNum	5To1Timemin	add	31
orderNum	typeDismax7	add	30
orderNum	5To5Timemin	add	30
orderNum	go9Time	add	30
orderNum	recentDis10	add	30
orderNum	type8Per	add	29
orderNum	recentmax1	add	29
orderNum	6To10Timemin	add	28
orderNum	recentAv1	add	28
orderNum	typeDismin7	add	27
orderNum	typeDismax1	add	27
orderNum	6To6Timemin	add	27
orderNum	6To10Timemax	add	27
orderNum	typeDismax6	add	26
orderNum	typeDismax5	add	26
orderNum	9To6Timemin	add	26
orderNum	工业生产者出厂价格指数(上年同月=100)_2017年11月	add	25
orderNum	recentmin6	add	25
orderNum	5To7Timemin	add	25
orderNum	1To5Timemin	add	24
orderNum	1To1Timemin	add	23
orderNum	type6Per	add	23
orderNum	continueAv5	add	23
orderNum	recent8	add	23
orderNum	8To6Timemin	add	22
orderNum	recentVar8	add	22
orderNum	recentDis6	add	22
orderNum	6To9Timemax	add	22
orderNum	typeDismin6	add	22
orderNum	1To11Timemin	add	21
orderNum	type5Num	add	21
orderNum	type5Per	add	21
orderNum	continueVar1	add	21
orderNum	type1Per	add	21
orderNum	continueVar6	add	21
orderNum	年末总人口(万人)_2015年	add	20
orderNum	7To1Timemin	add	19
orderNum	typeDismin5	add	19
orderNum	国内生产总值(亿元)_2015年	add	19
orderNum	continueMin6	add	19
orderNum	6To8Timemin	add	19
orderNum	5To8Timemin	add	18
orderNum	社会商品零售总额(亿元)_2015年	add	18
orderNum	continueMax5	add	17
orderNum	continueVar5	add	16
orderNum	商品零售价格指数(上年同月=100)_2017年11月	add	16
orderNum	continueMin1	add	16
orderNum	1To8Timemin	add	16
orderNum	recentmin8	add	15
orderNum	recentAv6	add	15
orderNum	6To6Timemax	add	15
orderNum	go9Dis	add	15
orderNum	7To10Timemin	add	15
orderNum	type1Num	add	15
orderNum	typeDismin1	add	15
orderNum	continueAv6	add	15
orderNum	continueMax6	add	15
orderNum	recentmax8	add	14
orderNum	1To1Timemax	add	14
orderNum	recentmin4	add	14
orderNum	5To1Timemax	add	14
orderNum	6To5Timemax	add	14
orderNum	1To5Timemax	add	14
orderNum	typeDismax9	add	14
orderNum	7To9Timemin	add	13
orderNum	9To10Timemin	add	13
orderNum	8To10Timemin	add	13
orderNum	社会商品零售总额(亿元)_2014年	add	13
orderNum	continueAv1	add	13
orderNum	6To1Timemax	add	13
orderNum	specialLen	add	13
orderNum	10To10Timemin	add	12
orderNum	recentVar1	add	12
orderNum	9To5Timemax	add	12
orderNum	9To5Timemin	add	12
orderNum	1To10Timemax	add	12
orderNum	居民消费价格指数(上年同月=100)_2017年11月	add	12
orderNum	8To1Timemin	add	11
orderNum	8To1Timemax	add	11
orderNum	5To5Timemax	add	11
orderNum	type6Num	add	11
orderNum	1To7Timemin	add	11
orderNum	recentVar5	add	11
orderNum	8To6Timemax	add	11
orderNum	recentmax2	add	11
orderNum	5To6Timemax	add	11
cityPer	recentmin5	add	213
cityPer	recentDis1	add	76
cityPer	recent6	add	74
cityPer	recentmin1	add	72
cityPer	recent5	add	62
cityPer	recentmax6	add	61
cityPer	type6Per	add	61
cityPer	lastThreeType5	add	59
cityPer	superNum	add	55
cityPer	recentDis6	add	55
cityPer	5To6Timemin	add	54
cityPer	recentDis4	add	52
cityPer	recentmax5	add	52
cityPer	continueMin5	add	48
cityPer	5To10Timemin	add	48
cityPer	typeDismin5	add	47
cityPer	6To5Timemin	add	46
cityPer	lastThreeType1	add	44
cityPer	recentDis5	add	44
cityPer	continueMax1	add	43
cityPer	recentDis10	add	42
cityPer	recent1	add	39
cityPer	recent10	add	39
cityPer	type8Per	add	38
cityPer	1To10Timemin	add	36
cityPer	orderNum	add	35
cityPer	1To6Timemin	add	35
cityPer	5To5Timemin	add	35
cityPer	typeDismin6	add	33
cityPer	6To1Timemin	add	32
cityPer	continueAv5	add	32
cityPer	type5Per	add	31
cityPer	recentmin6	add	31
cityPer	type11Num	add	31
cityPer	continueVar5	add	31
cityPer	recentmax1	add	31
cityPer	工业生产者出厂价格指数(上年同月=100)_2017年11月	add	31
cityPer	typeDismax1	add	31
cityPer	6To10Timemin	add	31
cityPer	1To5Timemin	add	30
cityPer	8To5Timemin	add	30
cityPer	lastThreeType6	add	29
cityPer	specialLen	add	29
cityPer	9To6Timemin	add	28
cityPer	type5Num	add	28
cityPer	badScoreTime	add	28
cityPer	typeDismax5	add	28
cityPer	type8Num	add	27
cityPer	recent4	add	27
cityPer	5To1Timemin	add	27
cityPer	simpleNum	add	26
cityPer	lastType5	add	26
cityPer	1To1Timemin	add	25
cityPer	男	add	24
cityPer	typeDismax7	add	24
cityPer	8To10Timemin	add	23
cityPer	8To6Timemin	add	23
cityPer	5To7Timemin	add	23
cityPer	continueVar1	add	23
cityPer	typeDismin1	add	23
cityPer	lastTwoType6	add	23
cityPer	6To10Timemax	add	23
cityPer	lastTwoType5	add	22
cityPer	江苏	add	22
cityPer	continueVar6	add	21
cityPer	type7Num	add	21
cityPer	type2Per	add	20
cityPer	goodScoreTime	add	20
cityPer	typeDismin7	add	20
cityPer	type1Num	add	20
cityPer	firstType1	add	19
cityPer	社会商品零售总额(亿元)_2014年	add	19
cityPer	typeDismax8	add	19
cityPer	国内生产总值(亿元)_2015年	add	19
cityPer	go9Dis	add	19
cityPer	go9Time	add	19
cityPer	continueMin6	add	19
cityPer	type2Num	add	18
cityPer	居民消费价格指数(上年同月=100)_2017年11月	add	18
cityPer	1To11Timemin	add	18
cityPer	recentVar8	add	18
cityPer	type1Per	add	18
cityPer	recentAv1	add	17
cityPer	6To9Timemax	add	17
cityPer	9To10Timemin	add	17
cityPer	商品零售价格指数(上年同月=100)_2017年11月	add	17
cityPer	社会商品零售总额(亿元)_2015年	add	17
cityPer	6To6Timemin	add	16
cityPer	北京	add	16
cityPer	simplePer	add	16
cityPer	continueMax5	add	16
cityPer	continueAv1	add	15
cityPer	recent8	add	15
cityPer	7To1Timemin	add	15
cityPer	上海	add	15
cityPer	countryPer	add	15
cityPer	type10Per	add	15
cityPer	typeDismax6	add	15
cityPer	jingxiword	add	14
cityPer	女	add	14
cityPer	5To5Timemax	add	14
cityPer	浙江	add	14
cityPer	年末总人口(万人)_2015年	add	14
cityPer	recentDis2	add	13
cityPer	6To8Timemin	add	13
cityPer	6To5Timemax	add	13
cityPer	type7Per	add	13
cityPer	continentPer	add	13
cityPer	type10Num	add	13
cityPer	lastType7	add	13
cityPer	recentAv6	add	13
cityPer	type4Per	add	13
cityPer	1To7Timemin	add	12
cityPer	continueMin1	add	12
cityPer	7To10Timemin	add	12
cityPer	10To10Timemin	add	12
cityPer	recentmax8	add	12
cityPer	5To8Timemin	add	12
cityPer	continueMax6	add	12
cityPer	typeDismax9	add	12
cityPer	5To8Timemax	add	11
cityPer	5To10Timemax	add	11
cityPer	1To10Timemax	add	11
cityPer	6To7Timemax	add	11
cityPer	typeDismin8	add	11
cityPer	7To9Timemin	add	11
cityPer	continueAv6	add	11
cityPer	6To1Timemax	add	11
cityPer	type9Num	add	11
cityPer	recentDis8	add	11
cityPer	5To6Timemax	add	11
cityPer	type4Num	add	11
cityPer	1To2Timemin	add	11
countryPer	recentmin5	add	213
countryPer	superNum	add	84
countryPer	recent6	add	75
countryPer	recentDis1	add	71
countryPer	recentmax6	add	64
countryPer	type6Per	add	64
countryPer	recentmin1	add	60
countryPer	recent5	add	60
countryPer	continueMin5	add	51
countryPer	5To6Timemin	add	51
countryPer	recentDis6	add	48
countryPer	5To10Timemin	add	48
countryPer	recentDis4	add	47
countryPer	type11Num	add	46
countryPer	lastThreeType1	add	46
countryPer	recentmax5	add	46
countryPer	type8Per	add	43
countryPer	recent10	add	41
countryPer	simplePer	add	41
countryPer	type5Per	add	40
countryPer	recentDis10	add	40
countryPer	工业生产者出厂价格指数(上年同月=100)_2017年11月	add	39
countryPer	continueMax1	add	38
countryPer	6To5Timemin	add	38
countryPer	lastThreeType5	add	38
countryPer	1To10Timemin	add	36
countryPer	6To10Timemax	add	35
countryPer	1To6Timemin	add	34
countryPer	cityPer	add	34
countryPer	recentDis5	add	34
countryPer	recent1	add	32
countryPer	6To10Timemin	add	32
countryPer	9To6Timemin	add	32
countryPer	1To5Timemin	add	31
countryPer	recent4	add	31
countryPer	5To5Timemin	add	31
countryPer	type10Per	add	30
countryPer	5To1Timemin	add	30
countryPer	typeDismax1	add	30
countryPer	1To1Timemin	add	29
countryPer	typeDismax7	add	28
countryPer	5To7Timemin	add	28
countryPer	typeDismin6	add	28
countryPer	typeDismin5	add	28
countryPer	8To5Timemin	add	27
countryPer	continueAv5	add	26
countryPer	continueVar5	add	26
countryPer	specialLen	add	26
countryPer	6To1Timemin	add	26
countryPer	typeDismax5	add	26
countryPer	lastThreeType6	add	25
countryPer	lastTwoType5	add	25
countryPer	recentmax1	add	24
countryPer	type5Num	add	24
countryPer	continueVar1	add	23
countryPer	continueVar6	add	23
countryPer	continueMin1	add	23
countryPer	recentmin6	add	23
countryPer	recentAv1	add	22
countryPer	lastTwoType6	add	22
countryPer	firstType1	add	21
countryPer	居民消费价格指数(上年同月=100)_2017年11月	add	21
countryPer	continueAv1	add	21
countryPer	continentPer	add	20
countryPer	type1Num	add	20
countryPer	8To10Timemin	add	20
countryPer	年末总人口(万人)_2015年	add	20
countryPer	9To10Timemin	add	20
countryPer	continueMin6	add	20
countryPer	社会商品零售总额(亿元)_2015年	add	19
countryPer	type1Per	add	19
countryPer	go9Time	add	19
countryPer	jingxiword	add	18
countryPer	badScoreTime	add	18
countryPer	goodScoreTime	add	18
countryPer	type7Num	add	18
countryPer	orderNum	add	18
countryPer	typeDismin7	add	17
countryPer	商品零售价格指数(上年同月=100)_2017年11月	add	17
countryPer	女	add	17
countryPer	typeDismax6	add	17
countryPer	recentVar8	add	17
countryPer	6To6Timemin	add	17
countryPer	男	add	16
countryPer	typeDismin8	add	16
countryPer	8To10Timemax	add	16
countryPer	lastType5	add	16
countryPer	5To1Timemax	add	16
countryPer	年末总人口(万人)_2014年	add	16
countryPer	typeDismin1	add	16
countryPer	go9Dis	add	15
countryPer	6To9Timemax	add	15
countryPer	recent8	add	15
countryPer	typeDismax8	add	15
countryPer	recentDis8	add	15
countryPer	type4Per	add	14
countryPer	continueMax6	add	14
countryPer	国内生产总值(亿元)_2015年	add	14
countryPer	7To9Timemin	add	14
countryPer	type2Num	add	14
countryPer	江苏	add	14
countryPer	社会商品零售总额(亿元)_2014年	add	14
countryPer	type8Num	add	13
countryPer	5To2Timemin	add	13
countryPer	recentmin9	add	13
countryPer	1To11Timemin	add	13
countryPer	10To10Timemin	add	13
countryPer	typeDismax9	add	13
countryPer	type2Per	add	12
countryPer	simpleNum	add	12
countryPer	5To7Timemax	add	12
countryPer	continueMax5	add	12
countryPer	lastType7	add	12
countryPer	type9Num	add	12
countryPer	type4Num	add	12
countryPer	recentmax8	add	12
countryPer	type7Per	add	12
countryPer	8To6Timemin	add	12
countryPer	1To2Timemax	add	12
countryPer	7To1Timemin	add	12
countryPer	5To5Timemax	add	12
countryPer	continueAv6	add	11
countryPer	1To10Timemax	add	11
countryPer	5To10Timemax	add	11
countryPer	国内生产总值(亿元)_2014年	add	11
countryPer	6To8Timemin	add	11
countryPer	上海	add	11
countryPer	recentAv5	add	11
countryPer	5To8Timemax	add	11
type4Num	recentmin5	mul	83
type4Num	goodScoreTime	mul	61
type4Num	specialLen	mul	52
type4Num	recentmax4	mul	48
type4Num	recentmax6	mul	40
type4Num	recentmin6	mul	40
type4Num	4To6Timemin	mul	34
type4Num	continueMin5	mul	33
type4Num	recentDis6	mul	32
type4Num	recent6	mul	31
type4Num	lastType7	mul	30
type4Num	typeDismin4	mul	28
type4Num	lastType5	mul	27
type4Num	continueVar5	mul	27
type4Num	recent1	mul	26
type4Num	recentmax5	mul	26
type4Num	5To5Timemin	mul	26
type4Num	recentmax7	mul	25
type4Num	1To4Timemin	mul	25
type4Num	5To4Timemin	mul	24
type4Num	recentAv7	mul	24
type4Num	2To3Timemin	mul	23
type4Num	badScoreTime	mul	23
type4Num	recentmin7	mul	23
type4Num	jingxiword	mul	23
type4Num	recent4	mul	23
type4Num	typeDismax4	mul	22
type4Num	lastTwoType5	mul	21
type4Num	typeDismin7	mul	21
type4Num	recent7	mul	21
type4Num	6To2Timemin	mul	21
type4Num	国内生产总值(亿元)_2015年	mul	21
type4Num	6To7Timemin	mul	21
type4Num	recentmin1	mul	21
type4Num	6To5Timemin	mul	20
type4Num	6To4Timemin	mul	20
type4Num	continueMax5	mul	20
type4Num	typeDismax7	mul	19
type4Num	4To5Timemax	mul	19
type4Num	recentmax1	mul	19
type4Num	5To3Timemin	mul	19
type4Num	recentAv4	mul	19
type4Num	continueAv5	mul	18
type4Num	6To1Timemax	mul	18
type4Num	recentmax2	mul	18
type4Num	5To4Timemax	mul	17
type4Num	6To7Timemax	mul	17
type4Num	2To1Timemin	mul	17
type4Num	4To7Timemin	mul	17
type4Num	recentDis1	mul	17
type4Num	6To6Timemin	mul	17
type4Num	continueMin6	mul	16
type4Num	1To4Timemax	mul	16
type4Num	6To4Timemax	mul	16
type4Num	recentDis7	mul	16
type4Num	4To4Timemax	mul	16
type4Num	工业生产者出厂价格指数(上年同月=100)_2017年11月	mul	16
type4Num	typeDismin2	mul	16
type4Num	1To3Timemin	mul	16
type4Num	2To5Timemin	mul	16
type4Num	居民消费价格指数(上年同月=100)_2017年11月	mul	15
type4Num	recentmin4	mul	15
type4Num	社会商品零售总额(亿元)_2014年	mul	15
type4Num	4To1Timemin	mul	14
type4Num	continueAv6	mul	14
type4Num	6To10Timemax	mul	14
type4Num	1To7Timemin	mul	14
type4Num	4To4Timemin	mul	14
type4Num	type4Per	mul	14
type4Num	5To1Timemin	mul	14
type4Num	recentDis2	mul	14
type4Num	年末总人口(万人)_2015年	mul	14
type4Num	recent5	mul	14
type4Num	typeDismin3	mul	13
type4Num	recentVar7	mul	13
type4Num	4To5Timemin	mul	13
type4Num	typeDismin1	mul	13
type4Num	社会商品零售总额(亿元)_2015年	mul	13
type4Num	continueMax1	mul	13
type4Num	2To2Timemin	mul	13
type4Num	1To7Timemax	mul	13
type4Num	1To1Timemin	mul	12
type4Num	typeDismax2	mul	12
type4Num	2To2Timemax	mul	12
type4Num	typeDismax5	mul	12
type4Num	type7Per	mul	12
type4Num	continueMax6	mul	12
type4Num	typeDismin5	mul	12
type4Num	6To2Timemax	mul	11
type4Num	5To2Timemin	mul	11
type4Num	5To2Timemax	mul	11
type4Num	3To3Timemax	mul	11
type4Num	5To7Timemin	mul	11
type4Num	2To5Timemax	mul	11
type4Num	6To1Timemin	mul	11
type4Num	8To10Timemin	mul	11
type4Num	recentDis4	mul	11
type4Num	typeDismax6	mul	11
type4Num	2To7Timemin	mul	11
type4Num	cityPer	mul	11
recentDis7	recentmin5	add	83
recentDis7	goodScoreTime	add	61
recentDis7	specialLen	add	52
recentDis7	recentmax4	add	48
recentDis7	recentmax6	add	40
recentDis7	recentmin6	add	40
recentDis7	4To6Timemin	add	34
recentDis7	continueMin5	add	33
recentDis7	recentDis6	add	32
recentDis7	recent6	add	31
recentDis7	lastType7	add	30
recentDis7	typeDismin4	add	28
recentDis7	lastType5	add	27
recentDis7	continueVar5	add	27
recentDis7	recent1	add	26
recentDis7	recentmax5	add	26
recentDis7	5To5Timemin	add	26
recentDis7	recentmax7	add	25
recentDis7	1To4Timemin	add	25
recentDis7	5To4Timemin	add	24
recentDis7	recentAv7	add	24
recentDis7	2To3Timemin	add	23
recentDis7	badScoreTime	add	23
recentDis7	recentmin7	add	23
recentDis7	jingxiword	add	23
recentDis7	recent4	add	23
recentDis7	typeDismax4	add	22
recentDis7	lastTwoType5	add	21
recentDis7	typeDismin7	add	21
recentDis7	recent7	add	21
recentDis7	6To2Timemin	add	21
recentDis7	国内生产总值(亿元)_2015年	add	21
recentDis7	6To7Timemin	add	21
recentDis7	recentmin1	add	21
recentDis7	6To5Timemin	add	20
recentDis7	6To4Timemin	add	20
recentDis7	continueMax5	add	20
recentDis7	typeDismax7	add	19
recentDis7	4To5Timemax	add	19
recentDis7	recentmax1	add	19
recentDis7	5To3Timemin	add	19
recentDis7	recentAv4	add	19
recentDis7	continueAv5	add	18
recentDis7	6To1Timemax	add	18
recentDis7	recentmax2	add	18
recentDis7	5To4Timemax	add	17
recentDis7	6To7Timemax	add	17
recentDis7	2To1Timemin	add	17
recentDis7	4To7Timemin	add	17
recentDis7	recentDis1	add	17
recentDis7	6To6Timemin	add	17
recentDis7	continueMin6	add	16
recentDis7	1To4Timemax	add	16
recentDis7	6To4Timemax	add	16
recentDis7	recentDis7	add	16
recentDis7	4To4Timemax	add	16
recentDis7	工业生产者出厂价格指数(上年同月=100)_2017年11月	add	16
recentDis7	typeDismin2	add	16
recentDis7	1To3Timemin	add	16
recentDis7	2To5Timemin	add	16
recentDis7	居民消费价格指数(上年同月=100)_2017年11月	add	15
recentDis7	recentmin4	add	15
recentDis7	社会商品零售总额(亿元)_2014年	add	15
recentDis7	4To1Timemin	add	14
recentDis7	continueAv6	add	14
recentDis7	6To10Timemax	add	14
recentDis7	1To7Timemin	add	14
recentDis7	4To4Timemin	add	14
recentDis7	type4Per	add	14
recentDis7	5To1Timemin	add	14
recentDis7	recentDis2	add	14
recentDis7	年末总人口(万人)_2015年	add	14
recentDis7	recent5	add	14
recentDis7	typeDismin3	add	13
recentDis7	recentVar7	add	13
recentDis7	4To5Timemin	add	13
recentDis7	typeDismin1	add	13
recentDis7	社会商品零售总额(亿元)_2015年	add	13
recentDis7	continueMax1	add	13
recentDis7	2To2Timemin	add	13
recentDis7	1To7Timemax	add	13
recentDis7	1To1Timemin	add	12
recentDis7	typeDismax2	add	12
recentDis7	2To2Timemax	add	12
recentDis7	typeDismax5	add	12
recentDis7	type7Per	add	12
recentDis7	continueMax6	add	12
recentDis7	typeDismin5	add	12
recentDis7	6To2Timemax	add	11
recentDis7	5To2Timemin	add	11
recentDis7	5To2Timemax	add	11
recentDis7	3To3Timemax	add	11
recentDis7	5To7Timemin	add	11
recentDis7	2To5Timemax	add	11
recentDis7	6To1Timemin	add	11
recentDis7	8To10Timemin	add	11
recentDis7	recentDis4	add	11
recentDis7	typeDismax6	add	11
recentDis7	2To7Timemin	add	11
recentDis7	cityPer	add	11
recentDis7	typeDismin7	mul	36
recentDis7	recent5	mul	35
recentDis7	recentmax2	mul	31
recentDis7	specialLen	mul	28
recentDis7	goodScoreTime	mul	28
recentDis7	recentmin5	mul	23
recentDis7	type7Per	mul	21
recentDis7	recentmax5	mul	20
recentDis7	6To1Timemin	mul	20
recentDis7	recentmin7	mul	20
recentDis7	continueMin5	mul	19
recentDis7	cityPer	mul	18
recentDis7	typeDismax7	mul	16
recentDis7	1To2Timemin	mul	15
recentDis7	recentmax4	mul	13
recentDis7	continueMin6	mul	13
recentDis7	recent2	mul	12
recentDis7	continueMax5	mul	12
recentDis7	continueVar5	mul	11
recentDis7	continueMax6	mul	11
recentDis7	recent10	mul	11
recentDis7	recentmin1	mul	11
recentDis7	1To5Timemin	mul	11
recentmax7	type10Per	mul	47
recentmax7	type10Num	mul	32
recentmax7	recent5	mul	20
recentmax7	recentmin5	mul	20
recentmax7	lastType6	mul	17
recentmax7	lastThreeType2	mul	16
recentmax7	continueVar6	mul	14
recentmax7	recentmax2	mul	13
